2015-11-16 17:11:32.422 PPMMobile[95269:5414321] Apache Cordova native platform version 3.8.0 is starting.
2015-11-16 17:11:32.422 PPMMobile[95269:5414321] Multi-tasking -> Device: YES, App: YES
2015-11-16 17:11:32.806 PPMMobile[95269:5414321] Apache Cordova native platform version 3.8.0 is starting.
2015-11-16 17:11:32.807 PPMMobile[95269:5414321] Multi-tasking -> Device: YES, App: YES
2015-11-16 17:11:32.999 PPMMobile[95269:5414321] Resetting plugins due to page load.
2015-11-16 17:11:33.078 PPMMobile[95269:5414321] Resetting plugins due to page load.
2015-11-16 17:11:33.178 PPMMobile[95269:5414321] Finished load of: file:///Users/ackshaey/Library/Developer/CoreSimulator/Devices/8CF1F5FA-0CAE-4E16-ACB5-C42FE8B2EABB/data/Containers/Bundle/Application/07FF6D33-C117-4DBB-931E-C1C441CC78EB/PPMMobile.app/www/bootstrap.html?dir=ltr&lang=en&locale=en-us&applicationName=PPM%20Cloud%20Mobile&applicationId=com.company.PPMMobile&featureName=Project%20Tasks&featureId=ProjectTasksFeature&profile_json_folder_override=%2FUsers%2Fackshaey%2FLibrary%2FDeveloper%2FCoreSimulator%2FDevices%2F8CF1F5FA-0CAE-4E16-ACB5-C42FE8B2EABB%2Fdata%2FContainers%2FData%2FApplication%2F191E5DE1-21A1-4EF6-849C-839E88169E3C%2FDocuments%2FbaseProfiles&appStartTime=1447722690488.215088&webviewStartTime=1447722692997.151855&springboardFeature=false&file=ProjectTasksFeature/ProjectTasksFeature-task-flow.xml%23ProjectTasksFeature-task-flow&featureRoot=../FARs/ViewController&topContentOffset=20
2015-11-16 17:11:33.200 PPMMobile[95269:5414321] Finished load of: file:///Users/ackshaey/Library/Developer/CoreSimulator/Devices/8CF1F5FA-0CAE-4E16-ACB5-C42FE8B2EABB/data/Containers/Bundle/Application/07FF6D33-C117-4DBB-931E-C1C441CC78EB/PPMMobile.app/FARs/OracleStandardADFmfUiComponents/public_html/adf.backchannel.html
2015-11-16 17:11:33.200 PPMMobile[95269:5414321] Gave lock 2
2015-11-16 17:11:34.629 PPMMobile[95269:5414321] Back Channel Hidden Feature: Received Event: deviceready
>>>>>>>>>>>>>>>>>>>>> ProjectTaskDC.getAllProjectTasks()
{"projecttasks":[{"id":1,"task_name":"Create Project Plan","project_name":"Altimetrik PPM Implementation","percent_complete":"25.0","start_date":"2015-10-29","finish_date":"2015-12-29"},{"id":2,"task_name":"MAF App Development","project_name":"PPM Mobile on Android","percent_complete":"0.0","start_date":"2015-10-29","finish_date":"2015-12-29"},{"id":3,"task_name":"MAF App QA","project_name":"PPM Mobile on Android","percent_complete":"0.0","start_date":"2015-10-29","finish_date":"2016-02-29"},{"id":4,"task_name":"Fuse+ Uptake","project_name":"PPM Web Development","percent_complete":"100.0","start_date":"2015-03-01","finish_date":"2015-10-29"},{"id":5,"task_name":"Internal Release","project_name":"PPM iOS Application","percent_complete":"50.0","start_date":"2015-07-29","finish_date":"2015-11-29"},{"id":6,"task_name":"App Store Release","project_name":"PPM iOS Application","percent_complete":"0.0","start_date":"2015-09-29","finish_date":"2015-12-29"},{"id":9,"task_name":"MAF Project List","project_name":"PPM Mobile on Android","percent_complete":"43.0","start_date":"2015-10-12","finish_date":"2016-03-12"},{"id":10,"task_name":"MAF Project List Refresh","project_name":"PPM Mobile on Android","percent_complete":"67.0","start_date":"2015-10-12","finish_date":"2015-11-12"}]}
>>>>>>>>>>>>>>>>>>>>> ProjectTaskDC.getAllProjectTasks()
2015-11-16 17:11:35.353 PPMMobile[95269:5414321] Back Channel Hidden Feature - Startup is complete.
2015-11-16 17:11:47.879 PPMMobile[95269:5414321] Apache Cordova native platform version 3.8.0 is starting.
2015-11-16 17:11:47.879 PPMMobile[95269:5414321] Multi-tasking -> Device: YES, App: YES
2015-11-16 17:11:48.091 PPMMobile[95269:5414321] Resetting plugins due to page load.
2015-11-16 17:11:48.106 PPMMobile[95269:5414321] Finished load of: file:///Users/ackshaey/Library/Developer/CoreSimulator/Devices/8CF1F5FA-0CAE-4E16-ACB5-C42FE8B2EABB/data/Containers/Bundle/Application/07FF6D33-C117-4DBB-931E-C1C441CC78EB/PPMMobile.app/www/bootstrap.html?dir=ltr&lang=en&locale=en-us&applicationName=PPM%20Cloud%20Mobile&applicationId=com.company.PPMMobile&featureName=__adfmf_default_springboard&featureId=__adfmf_default_springboard&profile_json_folder_override=%2FUsers%2Fackshaey%2FLibrary%2FDeveloper%2FCoreSimulator%2FDevices%2F8CF1F5FA-0CAE-4E16-ACB5-C42FE8B2EABB%2Fdata%2FContainers%2FData%2FApplication%2F191E5DE1-21A1-4EF6-849C-839E88169E3C%2FDocuments%2FbaseProfiles&appStartTime=1447722690488.215088&webviewStartTime=1447722708089.856201&springboardFeature=true&file=adfmf_default_springboard/springboard.amx&featureRoot=../FARs/adfmf.springboard&topContentOffset=20
2015-11-16 17:11:49.392 PPMMobile[95269:5414321] Apache Cordova native platform version 3.8.0 is starting.
2015-11-16 17:11:49.392 PPMMobile[95269:5414321] Multi-tasking -> Device: YES, App: YES
2015-11-16 17:11:49.571 PPMMobile[95269:5414321] Resetting plugins due to page load.
2015-11-16 17:11:49.584 PPMMobile[95269:5414321] Finished load of: file:///Users/ackshaey/Library/Developer/CoreSimulator/Devices/8CF1F5FA-0CAE-4E16-ACB5-C42FE8B2EABB/data/Containers/Bundle/Application/07FF6D33-C117-4DBB-931E-C1C441CC78EB/PPMMobile.app/www/bootstrap.html?dir=ltr&lang=en&locale=en-us&applicationName=PPM%20Cloud%20Mobile&applicationId=com.company.PPMMobile&featureName=Todo%20Tasks&featureId=TodoTasksFeature&profile_json_folder_override=%2FUsers%2Fackshaey%2FLibrary%2FDeveloper%2FCoreSimulator%2FDevices%2F8CF1F5FA-0CAE-4E16-ACB5-C42FE8B2EABB%2Fdata%2FContainers%2FData%2FApplication%2F191E5DE1-21A1-4EF6-849C-839E88169E3C%2FDocuments%2FbaseProfiles&appStartTime=1447722690488.215088&webviewStartTime=1447722709570.073242&springboardFeature=false&file=TodoTasksFeature/TodoTasksFeature-task-flow.xml%23TodoTasksFeature-task-flow&featureRoot=../FARs/ViewController&topContentOffset=20
>>>>>>>>>>>>>>>>>>>>> TodoTaskDC.getAllTodoTasks()
{"todotasks":[{"id":1,"task_name":"Get Milk","project_name":"Todo Task","percent_complete":"0.0","start_date":"2015-10-29","finish_date":"2015-10-29"},{"id":2,"task_name":"Carwash","project_name":"Todo Task","percent_complete":"0.0","start_date":"2015-10-29","finish_date":"2015-11-29"},{"id":3,"task_name":"GMAT Prep","project_name":"Todo Task","percent_complete":"100.0","start_date":"2015-10-29","finish_date":"2015-10-30"},{"id":4,"task_name":"Interview at Oracle","project_name":"Todo Task","percent_complete":"0.0","start_date":"2015-10-29","finish_date":"2015-10-29"},{"id":5,"task_name":"Sample","project_name":"Todo Task","percent_complete":"100.0","start_date":"2015-10-30","finish_date":"2015-10-30"}]}
>>>>>>>>>>>>>>>>>>>>> TodoTaskDC.getAllTodoTasks()
>>>>>>>>>>>>>>>>>>>>> TodoTaskDC.getAllTodoTasks()
{"todotasks":[{"id":1,"task_name":"Get Milk","project_name":"Todo Task","percent_complete":"0.0","start_date":"2015-10-29","finish_date":"2015-10-29"},{"id":2,"task_name":"Carwash","project_name":"Todo Task","percent_complete":"0.0","start_date":"2015-10-29","finish_date":"2015-11-29"},{"id":3,"task_name":"GMAT Prep","project_name":"Todo Task","percent_complete":"100.0","start_date":"2015-10-29","finish_date":"2015-10-30"},{"id":4,"task_name":"Interview at Oracle","project_name":"Todo Task","percent_complete":"0.0","start_date":"2015-10-29","finish_date":"2015-10-29"},{"id":5,"task_name":"Sample","project_name":"Todo Task","percent_complete":"100.0","start_date":"2015-10-30","finish_date":"2015-10-30"}]}
>>>>>>>>>>>>>>>>>>>>> TodoTaskDC.getAllTodoTasks()
>>>>>>>>>>>>>>>>>>>>> TodoTaskDC.getAllTodoTasks()
{"todotasks":[{"id":1,"task_name":"Get Milk","project_name":"Todo Task","percent_complete":"0.0","start_date":"2015-10-29","finish_date":"2015-10-29"},{"id":2,"task_name":"Carwash","project_name":"Todo Task","percent_complete":"0.0","start_date":"2015-10-29","finish_date":"2015-11-29"},{"id":3,"task_name":"GMAT Prep","project_name":"Todo Task","percent_complete":"100.0","start_date":"2015-10-29","finish_date":"2015-10-30"},{"id":4,"task_name":"Interview at Oracle","project_name":"Todo Task","percent_complete":"0.0","start_date":"2015-10-29","finish_date":"2015-10-29"},{"id":5,"task_name":"Sample","project_name":"Todo Task","percent_complete":"100.0","start_date":"2015-10-30","finish_date":"2015-10-30"}]}
>>>>>>>>>>>>>>>>>>>>> TodoTaskDC.getAllTodoTasks()
>>>>>>>>>>>>>>>>>>>>> TodoTaskDC.getAllTodoTasks()
{"todotasks":[{"id":1,"task_name":"Get Milk","project_name":"Todo Task","percent_complete":"0.0","start_date":"2015-10-29","finish_date":"2015-10-29"},{"id":2,"task_name":"Carwash","project_name":"Todo Task","percent_complete":"0.0","start_date":"2015-10-29","finish_date":"2015-11-29"},{"id":3,"task_name":"GMAT Prep","project_name":"Todo Task","percent_complete":"100.0","start_date":"2015-10-29","finish_date":"2015-10-30"},{"id":4,"task_name":"Interview at Oracle","project_name":"Todo Task","percent_complete":"0.0","start_date":"2015-10-29","finish_date":"2015-10-29"},{"id":5,"task_name":"Sample","project_name":"Todo Task","percent_complete":"100.0","start_date":"2015-10-30","finish_date":"2015-10-30"}]}
>>>>>>>>>>>>>>>>>>>>> TodoTaskDC.getAllTodoTasks()
>>>>>>>>>>>>>>>>>>>>> TodoTaskDC.getAllTodoTasks()
{"todotasks":[{"id":1,"task_name":"Get Milk","project_name":"Todo Task","percent_complete":"0.0","start_date":"2015-10-29","finish_date":"2015-10-29"},{"id":2,"task_name":"Carwash","project_name":"Todo Task","percent_complete":"0.0","start_date":"2015-10-29","finish_date":"2015-11-29"},{"id":3,"task_name":"GMAT Prep","project_name":"Todo Task","percent_complete":"100.0","start_date":"2015-10-29","finish_date":"2015-10-30"},{"id":4,"task_name":"Interview at Oracle","project_name":"Todo Task","percent_complete":"0.0","start_date":"2015-10-29","finish_date":"2015-10-29"},{"id":5,"task_name":"Sample","project_name":"Todo Task","percent_complete":"100.0","start_date":"2015-10-30","finish_date":"2015-10-30"}]}
>>>>>>>>>>>>>>>>>>>>> TodoTaskDC.getAllTodoTasks()
